TN:
SF:eslint.config.js
FN:1,(empty-report)
FNF:1
FNH:0
FNDA:0,(empty-report)
DA:1,0
DA:2,0
DA:3,0
DA:4,0
DA:5,0
DA:6,0
DA:7,0
DA:8,0
DA:9,0
DA:10,0
DA:11,0
DA:12,0
DA:13,0
DA:14,0
DA:15,0
DA:16,0
DA:17,0
DA:18,0
DA:19,0
DA:20,0
DA:21,0
DA:22,0
DA:23,0
DA:24,0
DA:25,0
DA:26,0
LF:26
LH:0
BRDA:1,0,0,0
BRF:1
BRH:0
end_of_record
TN:
SF:vite.config.ts
FN:1,(empty-report)
FNF:1
FNH:0
FNDA:0,(empty-report)
DA:1,0
DA:2,0
DA:3,0
DA:4,0
DA:6,0
DA:7,0
DA:8,0
DA:9,0
DA:11,0
DA:12,0
DA:13,0
DA:14,0
DA:15,0
DA:16,0
DA:17,0
DA:18,0
DA:19,0
DA:20,0
DA:21,0
DA:22,0
DA:23,0
DA:24,0
DA:25,0
DA:26,0
DA:27,0
DA:28,0
DA:29,0
LF:27
LH:0
BRDA:1,0,0,0
BRF:1
BRH:0
end_of_record
TN:
SF:vitest.shims.d.ts
FN:1,(empty-report)
FNF:1
FNH:1
FNDA:1,(empty-report)
LF:0
LH:0
BRDA:1,0,0,1
BRF:1
BRH:1
end_of_record
TN:
SF:.storybook\main.ts
FN:1,(empty-report)
FNF:1
FNH:1
FNDA:1,(empty-report)
DA:3,0
DA:4,0
DA:5,0
DA:6,0
DA:7,0
DA:8,0
DA:9,0
DA:10,0
DA:11,0
DA:12,0
DA:13,0
DA:14,0
DA:15,0
DA:16,0
DA:18,0
LF:15
LH:0
BRDA:1,0,0,1
BRF:1
BRH:1
end_of_record
TN:
SF:.storybook\preview.ts
FN:1,(empty-report)
FNF:1
FNH:1
FNDA:1,(empty-report)
DA:3,0
DA:4,0
DA:5,0
DA:6,0
DA:7,0
DA:8,0
DA:9,0
DA:10,0
DA:11,0
DA:12,0
DA:13,0
DA:14,0
DA:15,0
DA:16,0
DA:17,0
DA:18,0
DA:20,0
LF:17
LH:0
BRDA:1,0,0,1
BRF:1
BRH:1
end_of_record
TN:
SF:src\App.tsx
FN:1,(empty-report)
FNF:1
FNH:0
FNDA:0,(empty-report)
DA:1,0
DA:3,0
DA:4,0
DA:5,0
DA:7,0
LF:5
LH:0
BRDA:1,0,0,0
BRF:1
BRH:0
end_of_record
TN:
SF:src\main.tsx
FN:1,(empty-report)
FNF:1
FNH:0
FNDA:0,(empty-report)
DA:1,0
DA:2,0
DA:4,0
DA:6,0
DA:7,0
DA:8,0
DA:9,0
DA:10,0
LF:8
LH:0
BRDA:1,0,0,0
BRF:1
BRH:0
end_of_record
TN:
SF:src\vite-env.d.ts
FN:1,(empty-report)
FNF:1
FNH:1
FNDA:1,(empty-report)
LF:0
LH:0
BRDA:1,0,0,1
BRF:1
BRH:1
end_of_record
TN:
SF:src\components\Autocomplete\Input.tsx
FN:21,Input
FNF:1
FNH:1
FNDA:40,Input
DA:1,1
DA:21,1
DA:22,40
DA:23,40
DA:24,40
DA:25,40
DA:26,40
DA:27,40
DA:28,40
DA:29,40
DA:30,40
DA:31,40
DA:32,40
DA:33,40
DA:34,40
DA:35,40
DA:36,40
DA:37,40
DA:38,40
DA:40,40
DA:41,40
DA:42,40
DA:43,40
DA:44,40
DA:45,40
DA:46,40
DA:48,40
DA:49,40
DA:50,40
DA:51,40
DA:52,40
DA:54,40
DA:55,40
DA:56,40
DA:57,40
DA:58,40
DA:59,40
DA:60,40
DA:61,40
DA:62,40
DA:63,40
DA:64,40
DA:65,40
DA:66,40
DA:67,40
DA:68,40
DA:70,40
DA:71,13
DA:73,13
DA:76,40
DA:77,40
DA:78,40
DA:79,40
DA:80,40
DA:81,40
DA:82,40
DA:84,40
DA:85,40
DA:87,40
LF:59
LH:59
BRDA:21,0,0,40
BRDA:42,1,0,1
BRDA:45,2,0,2
BRDA:45,3,0,2
BRDA:45,4,0,38
BRDA:51,5,0,2
BRDA:51,6,0,2
BRDA:51,7,0,38
BRDA:66,8,0,13
BRDA:66,9,0,27
BRDA:70,10,0,13
BRDA:79,11,0,12
BRDA:79,12,0,28
BRDA:84,13,0,2
BRDA:84,14,0,2
BRF:15
BRH:15
end_of_record
TN:
SF:src\components\Autocomplete\ModalOptions.tsx
FN:13,ModalOptions
FN:34,isOptionSelected
FN:70,ref
FN:79,onClick
FNF:4
FNH:4
FNDA:13,ModalOptions
FNDA:35,isOptionSelected
FNDA:70,ref
FNDA:2,onClick
DA:1,1
DA:2,1
DA:13,1
DA:14,13
DA:15,13
DA:16,13
DA:17,13
DA:18,13
DA:19,13
DA:20,13
DA:21,13
DA:22,13
DA:24,13
DA:25,12
DA:26,12
DA:27,5
DA:28,5
DA:29,5
DA:30,5
DA:31,5
DA:32,13
DA:34,13
DA:35,35
DA:36,4
DA:37,3
DA:38,1
DA:39,35
DA:41,13
DA:43,13
DA:44,13
DA:45,13
DA:46,13
DA:47,13
DA:48,13
DA:49,13
DA:50,5
DA:51,2
DA:52,3
DA:53,5
DA:54,8
DA:57,13
DA:58,35
DA:59,12
DA:60,23
DA:62,35
DA:64,35
DA:65,35
DA:66,35
DA:67,35
DA:68,35
DA:69,35
DA:70,35
DA:71,70
DA:72,70
DA:73,35
DA:74,35
DA:75,35
DA:76,35
DA:77,35
DA:78,35
DA:79,35
DA:81,35
DA:82,35
DA:84,13
DA:85,13
DA:87,13
LF:66
LH:66
BRDA:13,0,0,13
BRDA:41,1,0,0
BRDA:49,2,0,5
BRDA:50,3,0,2
BRDA:51,4,0,3
BRDA:53,5,0,8
BRDA:24,6,0,12
BRDA:26,7,0,5
BRDA:26,8,0,5
BRDA:34,9,0,35
BRDA:35,10,0,31
BRDA:35,11,0,4
BRDA:36,12,0,3
BRDA:37,13,0,1
BRDA:57,14,0,35
BRDA:58,15,0,12
BRDA:59,16,0,23
BRDA:69,17,0,33
BRDA:74,18,0,2
BRDA:74,19,0,33
BRDA:75,20,0,5
BRDA:75,21,0,30
BRDA:77,22,0,2
BRDA:77,23,0,33
BRDA:78,24,0,5
BRDA:78,25,0,30
BRDA:70,26,0,70
BRDA:79,27,0,2
BRF:28
BRH:27
end_of_record
TN:
SF:src\components\Autocomplete\filterOptions.ts
FN:1,filterOptions
FNF:1
FNH:1
FNDA:31,filterOptions
DA:1,1
DA:2,31
DA:3,31
DA:4,31
DA:5,31
DA:6,31
DA:7,31
DA:9,11
DA:10,33
DA:11,11
DA:12,11
LF:11
LH:11
BRDA:1,0,0,31
BRDA:7,1,0,20
BRDA:7,2,0,11
BRDA:9,3,0,33
BRF:4
BRH:4
end_of_record
TN:
SF:src\components\Autocomplete\index.tsx
FN:64,Autocomplete
FN:91,handleInputChange
FN:96,handleBlur
FN:102,handleOptionSelect
FN:108,handleKeyDown
FN:134,handleClear
FN:170,onFocus
FN:173,onToggle
FNF:8
FNH:8
FNDA:44,Autocomplete
FNDA:1,handleInputChange
FNDA:1,handleBlur
FNDA:3,handleOptionSelect
FNDA:7,handleKeyDown
FNDA:1,handleClear
FNDA:7,onFocus
FNDA:1,onToggle
DA:1,1
DA:3,1
DA:4,1
DA:5,1
DA:6,1
DA:7,1
DA:64,1
DA:65,44
DA:66,44
DA:67,44
DA:68,44
DA:69,44
DA:70,44
DA:71,44
DA:72,44
DA:73,44
DA:74,44
DA:75,44
DA:76,44
DA:78,44
DA:79,44
DA:80,44
DA:81,12
DA:82,44
DA:83,44
DA:85,44
DA:87,44
DA:89,44
DA:91,44
DA:92,1
DA:93,1
DA:94,1
DA:96,44
DA:97,1
DA:98,0
DA:99,0
DA:100,1
DA:102,44
DA:103,3
DA:104,3
DA:105,3
DA:106,3
DA:108,44
DA:109,7
DA:110,1
DA:111,0
DA:112,0
DA:113,0
DA:114,0
DA:115,1
DA:116,1
DA:118,7
DA:119,3
DA:120,3
DA:121,3
DA:122,3
DA:123,3
DA:124,1
DA:125,1
DA:126,3
DA:127,2
DA:128,2
DA:129,2
DA:130,0
DA:131,0
DA:132,7
DA:134,44
DA:135,1
DA:136,1
DA:137,1
DA:138,1
DA:140,44
DA:141,19
DA:142,19
DA:143,44
DA:145,44
DA:146,13
DA:147,44
DA:149,44
DA:150,44
DA:151,44
DA:152,44
DA:153,44
DA:154,44
DA:155,44
DA:157,44
DA:158,44
DA:159,44
DA:160,44
DA:161,44
DA:162,44
DA:163,44
DA:164,44
DA:165,44
DA:166,44
DA:167,44
DA:168,44
DA:169,44
DA:170,44
DA:171,7
DA:172,7
DA:173,44
DA:174,1
DA:175,1
DA:176,44
DA:177,44
DA:179,44
DA:180,17
DA:181,17
DA:182,17
DA:183,17
DA:184,17
DA:185,17
DA:186,17
DA:187,17
DA:189,44
DA:191,44
LF:117
LH:109
BRDA:64,0,0,44
BRDA:76,1,0,12
BRDA:76,2,0,32
BRDA:162,3,0,12
BRDA:162,4,0,32
BRDA:179,5,0,17
BRDA:80,6,0,12
BRDA:91,7,0,1
BRDA:96,8,0,1
BRDA:97,9,0,0
BRDA:102,10,0,3
BRDA:108,11,0,7
BRDA:109,12,0,1
BRDA:110,13,0,0
BRDA:116,14,0,6
BRDA:118,15,0,3
BRDA:123,16,0,1
BRDA:126,17,0,2
BRDA:129,18,0,0
BRDA:120,19,0,3
BRDA:125,20,0,1
BRDA:134,21,0,1
BRDA:140,22,0,19
BRDA:145,23,0,13
BRDA:146,24,0,4
BRDA:146,25,0,9
BRDA:170,26,0,7
BRDA:171,27,0,6
BRDA:173,28,0,1
BRF:29
BRH:26
end_of_record
TN:
SF:src\hooks\useClickOutside.ts
FN:3,useClickOutside
FN:8,handleClick
FNF:2
FNH:1
FNDA:44,useClickOutside
FNDA:0,handleClick
DA:1,1
DA:3,1
DA:4,44
DA:5,44
DA:6,44
DA:7,44
DA:8,39
DA:9,0
DA:10,0
DA:11,0
DA:12,0
DA:14,39
DA:15,39
DA:16,39
DA:17,39
DA:18,44
DA:19,44
LF:17
LH:13
BRDA:3,0,0,44
BRDA:7,1,0,39
BRDA:15,2,0,39
BRF:3
BRH:3
end_of_record
